<?xml version="1.0" encoding="UTF-8"?>
<testng-results ignored="0" total="1" passed="0" failed="1" skipped="0">
  <reporter-output>
    <line>
      <![CDATA[<a href='C:\Users\joshs\git\my-app\target\surefire-reports-20210706135403\images\onStart.png175144.png'> <img src='C:\Users\joshs\git\my-app\target\surefire-reports-20210706135403\images\onStart.png175144.png' height='200' width='200'/> </a>]]>
    </line>
    <line>
      <![CDATA[expected ------------------Greater than 100]]>
    </line>
    <line>
      <![CDATA[actual --------------------585.0]]>
    </line>
    <line>
      <![CDATA[<a href='C:\Users\joshs\git\my-app\target\surefire-reports-20210706135403\images\onTestSuccess175209.png'> <img src='C:\Users\joshs\git\my-app\target\surefire-reports-20210706135403\images\onTestSuccess175209.png' height='200' width='200'/> </a>]]>
    </line>
    <line>
      <![CDATA[<a href='C:\Users\joshs\git\my-app\target\surefire-reports-20210706135403\images\onTestFailure175225.png'> <img src='C:\Users\joshs\git\my-app\target\surefire-reports-20210706135403\images\onTestFailure175225.png' height='200' width='200'/> </a>]]>
    </line>
  </reporter-output>
  <suite started-at="2021-07-25T17:51:44 SAST" name="ChromeSuite" finished-at="2021-07-25T17:52:26 SAST" duration-ms="42094">
    <groups>
    </groups>
    <test started-at="2021-07-25T17:51:44 SAST" name="GeewizTests" finished-at="2021-07-25T17:52:26 SAST" duration-ms="42094">
      <class name="TestCases.geewizTestCase">
        <test-method signature="test1()[pri:0, instance:TestCases.geewizTestCase@4b85880b]" started-at="2021-07-25T17:51:44 SAST" name="test1" finished-at="2021-07-25T17:52:25 SAST" duration-ms="41008" status="FAIL">
          <exception class="org.openqa.selenium.NoSuchElementException">
            <message>
              <![CDATA[no such element: Unable to locate element: {"method":"xpath","selector":"/html[1]/body[1]/main[1]/section[1]/div[1]/div[2]/section[1]/section[1]/div[1]/div[1]/div[1]/div[2]/div[1]/div[1]/div[1]/button[1]"}
  (Session info: chrome=92.0.4515.107)
For documentation on this error, please visit: https://www.seleniumhq.org/exceptions/no_such_element.html
Build info: version: '3.141.59', revision: 'e82be7d358', time: '2018-11-14T08:17:03'
System info: host: 'DESKTOP-38EP2BP', ip: '192.168.0.180', os.name: 'Windows 10', os.arch: 'amd64', os.version: '10.0', java.version: '15.0.1'
Driver info: org.openqa.selenium.chrome.ChromeDriver
Capabilities {acceptInsecureCerts: false, browserName: chrome, browserVersion: 92.0.4515.107, chrome: {chromedriverVersion: 91.0.4472.19 (1bf021f248676..., userDataDir: C:\Users\joshs\AppData\Loca...}, goog:chromeOptions: {debuggerAddress: localhost:64049}, javascriptEnabled: true, networkConnectionEnabled: false, pageLoadStrategy: normal, platform: WINDOWS, platformName: WINDOWS, proxy: Proxy(), setWindowRect: true, strictFileInteractability: false, timeouts: {implicit: 0, pageLoad: 300000, script: 30000}, unhandledPromptBehavior: dismiss and notify, webauthn:extension:largeBlob: true, webauthn:virtualAuthenticators: true}
Session ID: 9d165471915509aa823db30d554f5dc8
*** Element info: {Using=xpath, value=/html[1]/body[1]/main[1]/section[1]/div[1]/div[2]/section[1]/section[1]/div[1]/div[1]/div[1]/div[2]/div[1]/div[1]/div[1]/button[1]}]]>
            </message>
            <full-stacktrace>
              <![CDATA[org.openqa.selenium.NoSuchElementException: no such element: Unable to locate element: {"method":"xpath","selector":"/html[1]/body[1]/main[1]/section[1]/div[1]/div[2]/section[1]/section[1]/div[1]/div[1]/div[1]/div[2]/div[1]/div[1]/div[1]/button[1]"}
  (Session info: chrome=92.0.4515.107)
For documentation on this error, please visit: https://www.seleniumhq.org/exceptions/no_such_element.html
Build info: version: '3.141.59', revision: 'e82be7d358', time: '2018-11-14T08:17:03'
System info: host: 'DESKTOP-38EP2BP', ip: '192.168.0.180', os.name: 'Windows 10', os.arch: 'amd64', os.version: '10.0', java.version: '15.0.1'
Driver info: org.openqa.selenium.chrome.ChromeDriver
Capabilities {acceptInsecureCerts: false, browserName: chrome, browserVersion: 92.0.4515.107, chrome: {chromedriverVersion: 91.0.4472.19 (1bf021f248676..., userDataDir: C:\Users\joshs\AppData\Loca...}, goog:chromeOptions: {debuggerAddress: localhost:64049}, javascriptEnabled: true, networkConnectionEnabled: false, pageLoadStrategy: normal, platform: WINDOWS, platformName: WINDOWS, proxy: Proxy(), setWindowRect: true, strictFileInteractability: false, timeouts: {implicit: 0, pageLoad: 300000, script: 30000}, unhandledPromptBehavior: dismiss and notify, webauthn:extension:largeBlob: true, webauthn:virtualAuthenticators: true}
Session ID: 9d165471915509aa823db30d554f5dc8
*** Element info: {Using=xpath, value=/html[1]/body[1]/main[1]/section[1]/div[1]/div[2]/section[1]/section[1]/div[1]/div[1]/div[1]/div[2]/div[1]/div[1]/div[1]/button[1]}
at java.base/jdk.internal.reflect.NativeConstructorAccessorImpl.newInstance0(Native Method)
at java.base/jdk.internal.reflect.NativeConstructorAccessorImpl.newInstance(Unknown Source)
at java.base/jdk.internal.reflect.DelegatingConstructorAccessorImpl.newInstance(Unknown Source)
at java.base/java.lang.reflect.Constructor.newInstanceWithCaller(Unknown Source)
at java.base/java.lang.reflect.Constructor.newInstance(Unknown Source)
at org.openqa.selenium.remote.http.W3CHttpResponseCodec.createException(W3CHttpResponseCodec.java:187)
at org.openqa.selenium.remote.http.W3CHttpResponseCodec.decode(W3CHttpResponseCodec.java:122)
at org.openqa.selenium.remote.http.W3CHttpResponseCodec.decode(W3CHttpResponseCodec.java:49)
at org.openqa.selenium.remote.HttpCommandExecutor.execute(HttpCommandExecutor.java:158)
at org.openqa.selenium.remote.service.DriverCommandExecutor.execute(DriverCommandExecutor.java:83)
at org.openqa.selenium.remote.RemoteWebDriver.execute(RemoteWebDriver.java:552)
at org.openqa.selenium.remote.RemoteWebDriver.findElement(RemoteWebDriver.java:323)
at org.openqa.selenium.remote.RemoteWebDriver.findElementByXPath(RemoteWebDriver.java:428)
at org.openqa.selenium.By$ByXPath.findElement(By.java:353)
at org.openqa.selenium.remote.RemoteWebDriver.findElement(RemoteWebDriver.java:315)
at MyPages.geewizFunctions.automationTestForGeewiz(geewizFunctions.java:62)
at TestCases.geewizTestCase.test1(geewizTestCase.java:55)
at java.base/jdk.internal.reflect.NativeMethodAccessorImpl.invoke0(Native Method)
at java.base/jdk.internal.reflect.NativeMethodAccessorImpl.invoke(Unknown Source)
at java.base/jdk.internal.reflect.DelegatingMethodAccessorImpl.invoke(Unknown Source)
at java.base/java.lang.reflect.Method.invoke(Unknown Source)
at org.testng.internal.MethodInvocationHelper.invokeMethod(MethodInvocationHelper.java:133)
at org.testng.internal.TestInvoker.invokeMethod(TestInvoker.java:598)
at org.testng.internal.TestInvoker.invokeTestMethod(TestInvoker.java:173)
at org.testng.internal.MethodRunner.runInSequence(MethodRunner.java:46)
at org.testng.internal.TestInvoker$MethodInvocationAgent.invoke(TestInvoker.java:824)
at org.testng.internal.TestInvoker.invokeTestMethods(TestInvoker.java:146)
at org.testng.internal.TestMethodWorker.invokeTestMethods(TestMethodWorker.java:146)
at org.testng.internal.TestMethodWorker.run(TestMethodWorker.java:128)
at java.base/java.util.ArrayList.forEach(Unknown Source)
at org.testng.TestRunner.privateRun(TestRunner.java:794)
at org.testng.TestRunner.run(TestRunner.java:596)
at org.testng.SuiteRunner.runTest(SuiteRunner.java:377)
at org.testng.SuiteRunner.access$000(SuiteRunner.java:28)
at org.testng.SuiteRunner$SuiteWorker.run(SuiteRunner.java:418)
at org.testng.internal.thread.ThreadUtil.lambda$execute$0(ThreadUtil.java:64)
at java.base/java.util.concurrent.FutureTask.run(Unknown Source)
at java.base/java.util.concurrent.ThreadPoolExecutor.runWorker(Unknown Source)
at java.base/java.util.concurrent.ThreadPoolExecutor$Worker.run(Unknown Source)
at java.base/java.lang.Thread.run(Unknown Source)
]]>
            </full-stacktrace>
          </exception> <!-- org.openqa.selenium.NoSuchElementException -->
          <reporter-output>
            <line>
              <![CDATA[expected ------------------Greater than 100]]>
            </line>
            <line>
              <![CDATA[actual --------------------585.0]]>
            </line>
            <line>
              <![CDATA[<a href='C:\Users\joshs\git\my-app\target\surefire-reports-20210706135403\images\onTestSuccess175209.png'> <img src='C:\Users\joshs\git\my-app\target\surefire-reports-20210706135403\images\onTestSuccess175209.png' height='200' width='200'/> </a>]]>
            </line>
            <line>
              <![CDATA[<a href='C:\Users\joshs\git\my-app\target\surefire-reports-20210706135403\images\onTestFailure175225.png'> <img src='C:\Users\joshs\git\my-app\target\surefire-reports-20210706135403\images\onTestFailure175225.png' height='200' width='200'/> </a>]]>
            </line>
          </reporter-output>
        </test-method> <!-- test1 -->
      </class> <!-- TestCases.geewizTestCase -->
    </test> <!-- GeewizTests -->
  </suite> <!-- ChromeSuite -->
</testng-results>
