<?xml version="1.0" encoding="UTF-8"?>
<testng-results ignored="0" total="1" passed="1" failed="0" skipped="0">
  <reporter-output>
    <line>
      <![CDATA[expected ------------------Greater than 100]]>
    </line>
    <line>
      <![CDATA[actual --------------------314.0]]>
    </line>
    <line>
      <![CDATA[expected ------------------Greater than 100]]>
    </line>
    <line>
      <![CDATA[actual --------------------4437.0]]>
    </line>
    <line>
      <![CDATA[expected ------------------Greater than 100]]>
    </line>
    <line>
      <![CDATA[actual --------------------4437.0]]>
    </line>
  </reporter-output>
  <suite started-at="2021-07-21T17:22:16 SAST" name="Default suite" finished-at="2021-07-21T17:24:03 SAST" duration-ms="107169">
    <groups>
    </groups>
    <test started-at="2021-07-21T17:22:16 SAST" name="Default test" finished-at="2021-07-21T17:24:03 SAST" duration-ms="107169">
      <class name="TestCases.geewizTestCase">
        <test-method signature="test1()[pri:0, instance:TestCases.geewizTestCase@117e0fe5]" started-at="2021-07-21T17:22:16 SAST" name="test1" finished-at="2021-07-21T17:24:03 SAST" duration-ms="107149" status="PASS">
          <reporter-output>
            <line>
              <![CDATA[expected ------------------Greater than 100]]>
            </line>
            <line>
              <![CDATA[actual --------------------314.0]]>
            </line>
            <line>
              <![CDATA[expected ------------------Greater than 100]]>
            </line>
            <line>
              <![CDATA[actual --------------------4437.0]]>
            </line>
            <line>
              <![CDATA[expected ------------------Greater than 100]]>
            </line>
            <line>
              <![CDATA[actual --------------------4437.0]]>
            </line>
          </reporter-output>
        </test-method> <!-- test1 -->
      </class> <!-- TestCases.geewizTestCase -->
    </test> <!-- Default test -->
  </suite> <!-- Default suite -->
</testng-results>
